<?xml version="1.0"?>
<component name="org.nuxeo.ecm.core.blob.jit.test.blobmanager" version="1.0.0">

  <extension target="org.nuxeo.ecm.core.blob.BlobManager" point="configuration">

    <blobprovider name="test">
      <class>org.nuxeo.ecm.core.blob.jit.JITBlobProvider</class>
      <property name="test-caching">true</property>
    </blobprovider>

    <blobprovider name="test2">
      <class>org.nuxeo.ecm.core.blob.jit.JITBlobProvider</class>
      <property name="test2-caching">false</property>
    </blobprovider>


  </extension>

</component>
